1604386818.096516 client started (466532): version 3.1b, socket /tmp/tmux-1000/default, protocol 8
1604386818.096574 on Linux 5.5.0-kali2-amd64 #1 SMP Debian 5.5.17-1kali1 (2020-04-21); libevent 2.1.12-stable (poll)
1604386818.096626 socket is /tmp/tmux-1000/default
1604386818.096651 trying connect
1604386818.096822 add peer 0x560fe86500f0: 6 ((nil))
1604386818.097018 sending message 100 to peer 0x560fe86500f0 (4 bytes)
1604386818.097037 sending message 101 to peer 0x560fe86500f0 (7 bytes)
1604386818.097048 sending message 102 to peer 0x560fe86500f0 (12 bytes)
1604386818.097058 sending message 108 to peer 0x560fe86500f0 (51 bytes)
1604386818.097072 sending message 104 to peer 0x560fe86500f0 (0 bytes)
1604386818.097085 sending message 107 to peer 0x560fe86500f0 (4 bytes)
1604386818.097095 sending message 105 to peer 0x560fe86500f0 (16 bytes)
1604386818.097106 sending message 105 to peer 0x560fe86500f0 (82 bytes)
1604386818.097116 sending message 105 to peer 0x560fe86500f0 (11 bytes)
1604386818.097126 sending message 105 to peer 0x560fe86500f0 (19 bytes)
1604386818.097136 sending message 105 to peer 0x560fe86500f0 (25 bytes)
1604386818.097146 sending message 105 to peer 0x560fe86500f0 (22 bytes)
1604386818.097158 sending message 105 to peer 0x560fe86500f0 (38 bytes)
1604386818.097168 sending message 105 to peer 0x560fe86500f0 (10 bytes)
1604386818.097179 sending message 105 to peer 0x560fe86500f0 (29 bytes)
1604386818.097189 sending message 105 to peer 0x560fe86500f0 (47 bytes)
1604386818.097199 sending message 105 to peer 0x560fe86500f0 (21 bytes)
1604386818.097209 sending message 105 to peer 0x560fe86500f0 (19 bytes)
1604386818.097219 sending message 105 to peer 0x560fe86500f0 (28 bytes)
1604386818.097229 sending message 105 to peer 0x560fe86500f0 (15 bytes)
1604386818.097238 sending message 105 to peer 0x560fe86500f0 (55 bytes)
1604386818.097248 sending message 105 to peer 0x560fe86500f0 (10 bytes)
1604386818.097258 sending message 105 to peer 0x560fe86500f0 (27 bytes)
1604386818.097268 sending message 105 to peer 0x560fe86500f0 (21 bytes)
1604386818.097278 sending message 105 to peer 0x560fe86500f0 (8 bytes)
1604386818.097288 sending message 105 to peer 0x560fe86500f0 (31 bytes)
1604386818.097298 sending message 105 to peer 0x560fe86500f0 (31 bytes)
1604386818.097308 sending message 105 to peer 0x560fe86500f0 (13 bytes)
1604386818.097317 sending message 105 to peer 0x560fe86500f0 (13 bytes)
1604386818.097327 sending message 105 to peer 0x560fe86500f0 (17 bytes)
1604386818.097345 sending message 105 to peer 0x560fe86500f0 (1506 bytes)
1604386818.097382 sending message 105 to peer 0x560fe86500f0 (25 bytes)
1604386818.097394 sending message 105 to peer 0x560fe86500f0 (47 bytes)
1604386818.097405 sending message 105 to peer 0x560fe86500f0 (27 bytes)
1604386818.097415 sending message 105 to peer 0x560fe86500f0 (23 bytes)
1604386818.097426 sending message 105 to peer 0x560fe86500f0 (12 bytes)
1604386818.097436 sending message 105 to peer 0x560fe86500f0 (7 bytes)
1604386818.097447 sending message 105 to peer 0x560fe86500f0 (15 bytes)
1604386818.097458 sending message 105 to peer 0x560fe86500f0 (15 bytes)
1604386818.097469 sending message 105 to peer 0x560fe86500f0 (13 bytes)
1604386818.097480 sending message 105 to peer 0x560fe86500f0 (8 bytes)
1604386818.097490 sending message 105 to peer 0x560fe86500f0 (16 bytes)
1604386818.097501 sending message 105 to peer 0x560fe86500f0 (11 bytes)
1604386818.097512 sending message 105 to peer 0x560fe86500f0 (17 bytes)
1604386818.097523 sending message 105 to peer 0x560fe86500f0 (31 bytes)
1604386818.097534 sending message 105 to peer 0x560fe86500f0 (30 bytes)
1604386818.097544 sending message 105 to peer 0x560fe86500f0 (23 bytes)
1604386818.097555 sending message 105 to peer 0x560fe86500f0 (72 bytes)
1604386818.097566 sending message 105 to peer 0x560fe86500f0 (16 bytes)
1604386818.097576 sending message 105 to peer 0x560fe86500f0 (94 bytes)
1604386818.097587 sending message 105 to peer 0x560fe86500f0 (54 bytes)
1604386818.097598 sending message 105 to peer 0x560fe86500f0 (17 bytes)
1604386818.097608 sending message 105 to peer 0x560fe86500f0 (67 bytes)
1604386818.097634 sending message 105 to peer 0x560fe86500f0 (16 bytes)
1604386818.097645 sending message 106 to peer 0x560fe86500f0 (0 bytes)
1604386818.097657 sending message 200 to peer 0x560fe86500f0 (4 bytes)
1604386818.097667 client loop enter
1604386818.098667 peer 0x560fe86500f0 message 303
1604386818.098694 open write file 2 -
1604386818.098724 sending message 305 to peer 0x560fe86500f0 (8 bytes)
1604386818.099205 peer 0x560fe86500f0 message 304
1604386818.099243 write 58 to file 2
1604386818.099266 peer 0x560fe86500f0 message 203
1604386818.099282 file 2 58 bytes left
1604386818.099342 client loop exit
